<?xml version="1.0" encoding="UTF-8"?>
<!-- Generated by org.testng.reporters.JUnitReportReporter -->
<testsuite hostname="DESKTOP-N2L6VUI" failures="0" tests="1" name="testCases.TC_001_AccountRegistrationTest" time="6.936" errors="0" timestamp="2024-03-17T12:46:21 IST" skipped="0">
  <testcase classname="testCases.TC_001_AccountRegistrationTest" name="verify_account_registration" time="6.936"/>
</testsuite> <!-- testCases.TC_001_AccountRegistrationTest -->
